{
  "RSpec": {
    "coverage": {
      "/home/augusto/stationsucree/config/environment.rb": {
        "lines": [
          null,
          1,
          null,
          null,
          1
        ]
      },
      "/home/augusto/stationsucree/config/application.rb": {
        "lines": [
          1,
          null,
          1,
          null,
          null,
          null,
          1,
          null,
          1,
          1,
          null,
          1,
          null,
          null,
          null,
          null,
          null,
          null,
          null,
          null,
          null,
          null
        ]
      },
      "/home/augusto/stationsucree/config/boot.rb": {
        "lines": [
          1,
          null,
          1,
          1
        ]
      },
      "/home/augusto/stationsucree/config/environments/test.rb": {
        "lines": [
          1,
          null,
          null,
          null,
          null,
          null,
          null,
          1,
          null,
          null,
          null,
          1,
          null,
          null,
          null,
          null,
          1,
          null,
          null,
          1,
          1,
          null,
          null,
          null,
          null,
          1,
          1,
          1,
          null,
          null,
          1,
          null,
          null,
          1,
          null,
          null,
          1,
          null,
          1,
          null,
          null,
          null,
          null,
          1,
          null,
          null,
          1,
          null,
          null,
          1,
          null,
          null,
          1,
          null,
          null,
          null,
          null,
          null,
          null,
          null
        ]
      },
      "/home/augusto/stationsucree/config/initializers/assets.rb": {
        "lines": [
          null,
          null,
          null,
          1,
          null,
          null,
          null,
          1,
          null,
          null,
          null,
          null,
          null
        ]
      },
      "/home/augusto/stationsucree/config/initializers/content_security_policy.rb": {
        "lines": [
          null,
          null,
          null,
          null,
          null,
          null,
          null,
          null,
          null,
          null,
          null,
          null,
          null,
          null,
          null,
          null,
          null,
          null,
          null,
          null,
          null,
          null,
          null,
          null,
          null
        ]
      },
      "/home/augusto/stationsucree/config/initializers/filter_parameter_logging.rb": {
        "lines": [
          null,
          null,
          null,
          null,
          null,
          1,
          null,
          null
        ]
      },
      "/home/augusto/stationsucree/config/initializers/inflections.rb": {
        "lines": [
          null,
          null,
          null,
          null,
          null,
          null,
          null,
          null,
          null,
          null,
          null,
          null,
          null,
          null,
          null,
          null
        ]
      },
      "/home/augusto/stationsucree/config/initializers/permissions_policy.rb": {
        "lines": [
          null,
          null,
          null,
          null,
          null,
          null,
          null,
          null,
          null,
          null,
          null
        ]
      },
      "/home/augusto/stationsucree/spec/factories/ingredient_recipes.rb": {
        "lines": [
          1,
          1,
          1,
          1,
          null,
          null
        ]
      },
      "/home/augusto/stationsucree/spec/factories/recipes.rb": {
        "lines": [
          1,
          1,
          1,
          null,
          null
        ]
      },
      "/home/augusto/stationsucree/config/routes.rb": {
        "lines": [
          1,
          null,
          1,
          1,
          1,
          1,
          1,
          1,
          null
        ]
      },
      "/home/augusto/stationsucree/app/helpers/application_helper.rb": {
        "lines": [
          1,
          null
        ]
      },
      "/home/augusto/stationsucree/app/helpers/ingredients_helper.rb": {
        "lines": [
          1,
          null
        ]
      },
      "/home/augusto/stationsucree/app/helpers/inventories_helper.rb": {
        "lines": [
          1,
          null
        ]
      },
      "/home/augusto/stationsucree/app/helpers/locations_helper.rb": {
        "lines": [
          1,
          null
        ]
      },
      "/home/augusto/stationsucree/app/helpers/products_helper.rb": {
        "lines": [
          1,
          null
        ]
      },
      "/home/augusto/stationsucree/app/helpers/stock_per_locations_helper.rb": {
        "lines": [
          1,
          null
        ]
      },
      "/home/augusto/stationsucree/app/models/ingredient_recipe.rb": {
        "lines": [
          1,
          1,
          1,
          null,
          1,
          null
        ]
      },
      "/home/augusto/stationsucree/app/models/application_record.rb": {
        "lines": [
          1,
          1,
          null
        ]
      },
      "/home/augusto/stationsucree/spec/models/ingredient_spec.rb": {
        "lines": [
          null,
          null,
          1,
          null,
          1,
          1,
          2,
          null,
          null,
          1,
          2,
          null,
          null
        ]
      },
      "/home/augusto/stationsucree/app/models/ingredient.rb": {
        "lines": [
          1,
          1,
          null,
          1,
          null
        ]
      },
      "/home/augusto/stationsucree/spec/models/inventory_spec.rb": {
        "lines": [
          null,
          null,
          1,
          null,
          1,
          1,
          2,
          null,
          null,
          1,
          2,
          null,
          null
        ]
      },
      "/home/augusto/stationsucree/app/models/inventory.rb": {
        "lines": [
          1,
          1,
          null,
          1,
          null
        ]
      },
      "/home/augusto/stationsucree/spec/models/location_spec.rb": {
        "lines": [
          null,
          null,
          1,
          null,
          1,
          1,
          2,
          null,
          null,
          1,
          2,
          null,
          null
        ]
      },
      "/home/augusto/stationsucree/app/models/location.rb": {
        "lines": [
          1,
          1,
          null,
          1,
          null,
          null
        ]
      },
      "/home/augusto/stationsucree/spec/models/product_spec.rb": {
        "lines": [
          null,
          null,
          1,
          null,
          1,
          1,
          2,
          null,
          null,
          1,
          2,
          null,
          null
        ]
      },
      "/home/augusto/stationsucree/app/models/product.rb": {
        "lines": [
          1,
          1,
          null,
          1,
          1,
          null,
          null
        ]
      },
      "/home/augusto/stationsucree/spec/models/recipe_spec.rb": {
        "lines": [
          null,
          null,
          1,
          null,
          1,
          1,
          2,
          null,
          null,
          1,
          2,
          null,
          null
        ]
      },
      "/home/augusto/stationsucree/app/models/recipe.rb": {
        "lines": [
          1,
          1,
          null,
          1,
          null
        ]
      },
      "/home/augusto/stationsucree/spec/models/stock_per_location_spec.rb": {
        "lines": [
          null,
          null,
          1,
          null,
          1,
          1,
          2,
          2,
          null,
          null
        ]
      },
      "/home/augusto/stationsucree/app/models/stock_per_location.rb": {
        "lines": [
          1,
          1,
          1,
          null,
          1,
          null,
          null
        ]
      }
    },
    "timestamp": 1691513295
  }
}
